[ {
  "error" : "Error",
  "currentMoviesList" : [ ],
  "currentUser" : null
}, {
  "error" : null,
  "currentMoviesList" : [ ],
  "currentUser" : {
    "credentials" : {
      "name" : "Ramsi",
      "password" : "numiplacevelea",
      "accountType" : "standard",
      "country" : "Ireland",
      "balance" : "300"
    },
    "tokensCount" : 0,
    "numFreePremiumMovies" : 15,
    "purchasedMovies" : [ ],
    "watchedMovies" : [ ],
    "likedMovies" : [ ],
    "ratedMovies" : [ ]
  }
}, {
  "error" : "Error",
  "currentMoviesList" : [ ],
  "currentUser" : null
}, {
  "error" : "Error",
  "currentMoviesList" : [ ],
  "currentUser" : null
}, {
  "error" : null,
  "currentMoviesList" : [ {
    "name" : "John Wick: Chapter 3 - Parabellum",
    "duration" : 131,
    "actors" : [ "Laurence Fishburne", "Halle Berry", "Keanu Reeves" ],
    "genres" : [ "Action", "Thriller", "Crime" ],
    "countriesBanned" : [ "Russia" ],
    "numLikes" : 0,
    "rating" : 0.0,
    "numRatings" : 0,
    "year" : 2019
  }, {
    "name" : "Titanic",
    "duration" : 131,
    "actors" : [ "Laurence Fishburne", "Halle Berry", "Keanu Reeves" ],
    "genres" : [ "Action", "Thriller", "Crime" ],
    "countriesBanned" : [ "Russia" ],
    "numLikes" : 0,
    "rating" : 0.0,
    "numRatings" : 0,
    "year" : 2019
  } ],
  "currentUser" : {
    "credentials" : {
      "name" : "Ramsi",
      "password" : "numiplacevelea",
      "accountType" : "standard",
      "country" : "Ireland",
      "balance" : "300"
    },
    "tokensCount" : 0,
    "numFreePremiumMovies" : 15,
    "purchasedMovies" : [ ],
    "watchedMovies" : [ ],
    "likedMovies" : [ ],
    "ratedMovies" : [ ]
  }
}, {
  "error" : null,
  "currentMoviesList" : [ {
    "name" : "John Wick: Chapter 3 - Parabellum",
    "duration" : 131,
    "actors" : [ "Laurence Fishburne", "Halle Berry", "Keanu Reeves" ],
    "genres" : [ "Action", "Thriller", "Crime" ],
    "countriesBanned" : [ "Russia" ],
    "numLikes" : 0,
    "rating" : 0.0,
    "numRatings" : 0,
    "year" : 2019
  }, {
    "name" : "Titanic",
    "duration" : 131,
    "actors" : [ "Laurence Fishburne", "Halle Berry", "Keanu Reeves" ],
    "genres" : [ "Action", "Thriller", "Crime" ],
    "countriesBanned" : [ "Russia" ],
    "numLikes" : 0,
    "rating" : 0.0,
    "numRatings" : 0,
    "year" : 2019
  } ],
  "currentUser" : {
    "credentials" : {
      "name" : "Ramsi",
      "password" : "numiplacevelea",
      "accountType" : "standard",
      "country" : "Ireland",
      "balance" : "300"
    },
    "tokensCount" : 0,
    "numFreePremiumMovies" : 15,
    "purchasedMovies" : [ ],
    "watchedMovies" : [ ],
    "likedMovies" : [ ],
    "ratedMovies" : [ ]
  }
}, {
  "error" : null,
  "currentMoviesList" : [ {
    "name" : "John Wick: Chapter 3 - Parabellum",
    "duration" : 131,
    "actors" : [ "Laurence Fishburne", "Halle Berry", "Keanu Reeves" ],
    "genres" : [ "Action", "Thriller", "Crime" ],
    "countriesBanned" : [ "Russia" ],
    "numLikes" : 0,
    "rating" : 0.0,
    "numRatings" : 0,
    "year" : 2019
  }, {
    "name" : "Titanic",
    "duration" : 131,
    "actors" : [ "Laurence Fishburne", "Halle Berry", "Keanu Reeves" ],
    "genres" : [ "Action", "Thriller", "Crime" ],
    "countriesBanned" : [ "Russia" ],
    "numLikes" : 0,
    "rating" : 0.0,
    "numRatings" : 0,
    "year" : 2019
  } ],
  "currentUser" : {
    "credentials" : {
      "name" : "Ramsi",
      "password" : "numiplacevelea",
      "accountType" : "standard",
      "country" : "Ireland",
      "balance" : "300"
    },
    "tokensCount" : 0,
    "numFreePremiumMovies" : 15,
    "purchasedMovies" : [ ],
    "watchedMovies" : [ ],
    "likedMovies" : [ ],
    "ratedMovies" : [ ]
  }
}, {
  "error" : "Error",
  "currentMoviesList" : [ ],
  "currentUser" : null
}, {
  "error" : null,
  "currentMoviesList" : [ ],
  "currentUser" : {
    "credentials" : {
      "name" : "Eduard",
      "password" : "secret",
      "accountType" : "standard",
      "country" : "Romania",
      "balance" : "200"
    },
    "tokensCount" : 0,
    "numFreePremiumMovies" : 15,
    "purchasedMovies" : [ ],
    "watchedMovies" : [ ],
    "likedMovies" : [ ],
    "ratedMovies" : [ ]
  }
}, {
  "error" : null,
  "currentMoviesList" : [ {
    "name" : "John Wick: Chapter 3 - Parabellum",
    "duration" : 131,
    "actors" : [ "Laurence Fishburne", "Halle Berry", "Keanu Reeves" ],
    "genres" : [ "Action", "Thriller", "Crime" ],
    "countriesBanned" : [ "Russia" ],
    "numLikes" : 0,
    "rating" : 0.0,
    "numRatings" : 0,
    "year" : 2019
  }, {
    "name" : "Titanic",
    "duration" : 131,
    "actors" : [ "Laurence Fishburne", "Halle Berry", "Keanu Reeves" ],
    "genres" : [ "Action", "Thriller", "Crime" ],
    "countriesBanned" : [ "Russia" ],
    "numLikes" : 0,
    "rating" : 0.0,
    "numRatings" : 0,
    "year" : 2019
  } ],
  "currentUser" : {
    "credentials" : {
      "name" : "Eduard",
      "password" : "secret",
      "accountType" : "premium",
      "country" : "Romania",
      "balance" : "150"
    },
    "tokensCount" : 40,
    "numFreePremiumMovies" : 15,
    "purchasedMovies" : [ ],
    "watchedMovies" : [ ],
    "likedMovies" : [ ],
    "ratedMovies" : [ ]
  }
}, {
  "error" : "Error",
  "currentMoviesList" : [ ],
  "currentUser" : null
}, {
  "error" : "Error",
  "currentMoviesList" : [ ],
  "currentUser" : null
}, {
  "error" : "Error",
  "currentMoviesList" : [ ],
  "currentUser" : null
}, {
  "error" : null,
  "currentMoviesList" : [ {
    "name" : "John Wick: Chapter 3 - Parabellum",
    "duration" : 131,
    "actors" : [ "Laurence Fishburne", "Halle Berry", "Keanu Reeves" ],
    "genres" : [ "Action", "Thriller", "Crime" ],
    "countriesBanned" : [ "Russia" ],
    "numLikes" : 0,
    "rating" : 0.0,
    "numRatings" : 0,
    "year" : 2019
  }, {
    "name" : "Titanic",
    "duration" : 131,
    "actors" : [ "Laurence Fishburne", "Halle Berry", "Keanu Reeves" ],
    "genres" : [ "Action", "Thriller", "Crime" ],
    "countriesBanned" : [ "Russia" ],
    "numLikes" : 0,
    "rating" : 0.0,
    "numRatings" : 0,
    "year" : 2019
  }, {
    "name" : "Titanic",
    "duration" : 131,
    "actors" : [ "Laurence Fishburne", "Halle Berry", "Keanu Reeves" ],
    "genres" : [ "Action", "Thriller", "Crime" ],
    "countriesBanned" : [ "Russia" ],
    "numLikes" : 0,
    "rating" : 0.0,
    "numRatings" : 0,
    "year" : 2019
  }, {
    "name" : "Titanic",
    "duration" : 131,
    "actors" : [ "Laurence Fishburne", "Halle Berry", "Keanu Reeves" ],
    "genres" : [ "Action", "Thriller", "Crime" ],
    "countriesBanned" : [ "Russia" ],
    "numLikes" : 0,
    "rating" : 0.0,
    "numRatings" : 0,
    "year" : 2019
  } ],
  "currentUser" : {
    "credentials" : {
      "name" : "Eduard",
      "password" : "secret",
      "accountType" : "premium",
      "country" : "Romania",
      "balance" : "150"
    },
    "tokensCount" : 38,
    "numFreePremiumMovies" : 15,
    "purchasedMovies" : [ {
      "name" : "Titanic",
      "duration" : 131,
      "actors" : [ "Laurence Fishburne", "Halle Berry", "Keanu Reeves" ],
      "genres" : [ "Action", "Thriller", "Crime" ],
      "countriesBanned" : [ "Russia" ],
      "numLikes" : 0,
      "rating" : 0.0,
      "numRatings" : 0,
      "year" : 2019
    } ],
    "watchedMovies" : [ ],
    "likedMovies" : [ ],
    "ratedMovies" : [ ]
  }
}, {
  "error" : null,
  "currentMoviesList" : [ {
    "name" : "John Wick: Chapter 3 - Parabellum",
    "duration" : 131,
    "actors" : [ "Laurence Fishburne", "Halle Berry", "Keanu Reeves" ],
    "genres" : [ "Action", "Thriller", "Crime" ],
    "countriesBanned" : [ "Russia" ],
    "numLikes" : 0,
    "rating" : 0.0,
    "numRatings" : 0,
    "year" : 2019
  }, {
    "name" : "Titanic",
    "duration" : 131,
    "actors" : [ "Laurence Fishburne", "Halle Berry", "Keanu Reeves" ],
    "genres" : [ "Action", "Thriller", "Crime" ],
    "countriesBanned" : [ "Russia" ],
    "numLikes" : 0,
    "rating" : 0.0,
    "numRatings" : 0,
    "year" : 2019
  }, {
    "name" : "Titanic",
    "duration" : 131,
    "actors" : [ "Laurence Fishburne", "Halle Berry", "Keanu Reeves" ],
    "genres" : [ "Action", "Thriller", "Crime" ],
    "countriesBanned" : [ "Russia" ],
    "numLikes" : 0,
    "rating" : 0.0,
    "numRatings" : 0,
    "year" : 2019
  }, {
    "name" : "Titanic",
    "duration" : 131,
    "actors" : [ "Laurence Fishburne", "Halle Berry", "Keanu Reeves" ],
    "genres" : [ "Action", "Thriller", "Crime" ],
    "countriesBanned" : [ "Russia" ],
    "numLikes" : 0,
    "rating" : 0.0,
    "numRatings" : 0,
    "year" : 2019
  }, {
    "name" : "Titanic",
    "duration" : 131,
    "actors" : [ "Laurence Fishburne", "Halle Berry", "Keanu Reeves" ],
    "genres" : [ "Action", "Thriller", "Crime" ],
    "countriesBanned" : [ "Russia" ],
    "numLikes" : 0,
    "rating" : 0.0,
    "numRatings" : 0,
    "year" : 2019
  } ],
  "currentUser" : {
    "credentials" : {
      "name" : "Eduard",
      "password" : "secret",
      "accountType" : "premium",
      "country" : "Romania",
      "balance" : "150"
    },
    "tokensCount" : 38,
    "numFreePremiumMovies" : 15,
    "purchasedMovies" : [ {
      "name" : "Titanic",
      "duration" : 131,
      "actors" : [ "Laurence Fishburne", "Halle Berry", "Keanu Reeves" ],
      "genres" : [ "Action", "Thriller", "Crime" ],
      "countriesBanned" : [ "Russia" ],
      "numLikes" : 0,
      "rating" : 0.0,
      "numRatings" : 0,
      "year" : 2019
    } ],
    "watchedMovies" : [ {
      "name" : "Titanic",
      "duration" : 131,
      "actors" : [ "Laurence Fishburne", "Halle Berry", "Keanu Reeves" ],
      "genres" : [ "Action", "Thriller", "Crime" ],
      "countriesBanned" : [ "Russia" ],
      "numLikes" : 0,
      "rating" : 0.0,
      "numRatings" : 0,
      "year" : 2019
    } ],
    "likedMovies" : [ ],
    "ratedMovies" : [ ]
  }
}, {
  "error" : null,
  "currentMoviesList" : [ {
    "name" : "John Wick: Chapter 3 - Parabellum",
    "duration" : 131,
    "actors" : [ "Laurence Fishburne", "Halle Berry", "Keanu Reeves" ],
    "genres" : [ "Action", "Thriller", "Crime" ],
    "countriesBanned" : [ "Russia" ],
    "numLikes" : 0,
    "rating" : 0.0,
    "numRatings" : 0,
    "year" : 2019
  }, {
    "name" : "Titanic",
    "duration" : 131,
    "actors" : [ "Laurence Fishburne", "Halle Berry", "Keanu Reeves" ],
    "genres" : [ "Action", "Thriller", "Crime" ],
    "countriesBanned" : [ "Russia" ],
    "numLikes" : 1,
    "rating" : 0.0,
    "numRatings" : 0,
    "year" : 2019
  }, {
    "name" : "Titanic",
    "duration" : 131,
    "actors" : [ "Laurence Fishburne", "Halle Berry", "Keanu Reeves" ],
    "genres" : [ "Action", "Thriller", "Crime" ],
    "countriesBanned" : [ "Russia" ],
    "numLikes" : 1,
    "rating" : 0.0,
    "numRatings" : 0,
    "year" : 2019
  }, {
    "name" : "Titanic",
    "duration" : 131,
    "actors" : [ "Laurence Fishburne", "Halle Berry", "Keanu Reeves" ],
    "genres" : [ "Action", "Thriller", "Crime" ],
    "countriesBanned" : [ "Russia" ],
    "numLikes" : 1,
    "rating" : 0.0,
    "numRatings" : 0,
    "year" : 2019
  }, {
    "name" : "Titanic",
    "duration" : 131,
    "actors" : [ "Laurence Fishburne", "Halle Berry", "Keanu Reeves" ],
    "genres" : [ "Action", "Thriller", "Crime" ],
    "countriesBanned" : [ "Russia" ],
    "numLikes" : 1,
    "rating" : 0.0,
    "numRatings" : 0,
    "year" : 2019
  }, {
    "name" : "Titanic",
    "duration" : 131,
    "actors" : [ "Laurence Fishburne", "Halle Berry", "Keanu Reeves" ],
    "genres" : [ "Action", "Thriller", "Crime" ],
    "countriesBanned" : [ "Russia" ],
    "numLikes" : 1,
    "rating" : 0.0,
    "numRatings" : 0,
    "year" : 2019
  } ],
  "currentUser" : {
    "credentials" : {
      "name" : "Eduard",
      "password" : "secret",
      "accountType" : "premium",
      "country" : "Romania",
      "balance" : "150"
    },
    "tokensCount" : 38,
    "numFreePremiumMovies" : 15,
    "purchasedMovies" : [ {
      "name" : "Titanic",
      "duration" : 131,
      "actors" : [ "Laurence Fishburne", "Halle Berry", "Keanu Reeves" ],
      "genres" : [ "Action", "Thriller", "Crime" ],
      "countriesBanned" : [ "Russia" ],
      "numLikes" : 1,
      "rating" : 0.0,
      "numRatings" : 0,
      "year" : 2019
    } ],
    "watchedMovies" : [ {
      "name" : "Titanic",
      "duration" : 131,
      "actors" : [ "Laurence Fishburne", "Halle Berry", "Keanu Reeves" ],
      "genres" : [ "Action", "Thriller", "Crime" ],
      "countriesBanned" : [ "Russia" ],
      "numLikes" : 1,
      "rating" : 0.0,
      "numRatings" : 0,
      "year" : 2019
    } ],
    "likedMovies" : [ ],
    "ratedMovies" : [ ]
  }
}, {
  "error" : null,
  "currentMoviesList" : [ {
    "name" : "John Wick: Chapter 3 - Parabellum",
    "duration" : 131,
    "actors" : [ "Laurence Fishburne", "Halle Berry", "Keanu Reeves" ],
    "genres" : [ "Action", "Thriller", "Crime" ],
    "countriesBanned" : [ "Russia" ],
    "numLikes" : 0,
    "rating" : 0.0,
    "numRatings" : 0,
    "year" : 2019
  }, {
    "name" : "Titanic",
    "duration" : 131,
    "actors" : [ "Laurence Fishburne", "Halle Berry", "Keanu Reeves" ],
    "genres" : [ "Action", "Thriller", "Crime" ],
    "countriesBanned" : [ "Russia" ],
    "numLikes" : 1,
    "rating" : 0.0,
    "numRatings" : 0,
    "year" : 2019
  } ],
  "currentUser" : {
    "credentials" : {
      "name" : "Eduard",
      "password" : "secret",
      "accountType" : "premium",
      "country" : "Romania",
      "balance" : "150"
    },
    "tokensCount" : 38,
    "numFreePremiumMovies" : 15,
    "purchasedMovies" : [ {
      "name" : "Titanic",
      "duration" : 131,
      "actors" : [ "Laurence Fishburne", "Halle Berry", "Keanu Reeves" ],
      "genres" : [ "Action", "Thriller", "Crime" ],
      "countriesBanned" : [ "Russia" ],
      "numLikes" : 1,
      "rating" : 0.0,
      "numRatings" : 0,
      "year" : 2019
    } ],
    "watchedMovies" : [ {
      "name" : "Titanic",
      "duration" : 131,
      "actors" : [ "Laurence Fishburne", "Halle Berry", "Keanu Reeves" ],
      "genres" : [ "Action", "Thriller", "Crime" ],
      "countriesBanned" : [ "Russia" ],
      "numLikes" : 1,
      "rating" : 0.0,
      "numRatings" : 0,
      "year" : 2019
    } ],
    "likedMovies" : [ ],
    "ratedMovies" : [ ]
  }
}, {
  "error" : null,
  "currentMoviesList" : [ {
    "name" : "John Wick: Chapter 3 - Parabellum",
    "duration" : 131,
    "actors" : [ "Laurence Fishburne", "Halle Berry", "Keanu Reeves" ],
    "genres" : [ "Action", "Thriller", "Crime" ],
    "countriesBanned" : [ "Russia" ],
    "numLikes" : 0,
    "rating" : 0.0,
    "numRatings" : 0,
    "year" : 2019
  }, {
    "name" : "Titanic",
    "duration" : 131,
    "actors" : [ "Laurence Fishburne", "Halle Berry", "Keanu Reeves" ],
    "genres" : [ "Action", "Thriller", "Crime" ],
    "countriesBanned" : [ "Russia" ],
    "numLikes" : 1,
    "rating" : 0.0,
    "numRatings" : 0,
    "year" : 2019
  }, {
    "name" : "John Wick: Chapter 3 - Parabellum",
    "duration" : 131,
    "actors" : [ "Laurence Fishburne", "Halle Berry", "Keanu Reeves" ],
    "genres" : [ "Action", "Thriller", "Crime" ],
    "countriesBanned" : [ "Russia" ],
    "numLikes" : 0,
    "rating" : 0.0,
    "numRatings" : 0,
    "year" : 2019
  } ],
  "currentUser" : {
    "credentials" : {
      "name" : "Eduard",
      "password" : "secret",
      "accountType" : "premium",
      "country" : "Romania",
      "balance" : "150"
    },
    "tokensCount" : 38,
    "numFreePremiumMovies" : 15,
    "purchasedMovies" : [ {
      "name" : "Titanic",
      "duration" : 131,
      "actors" : [ "Laurence Fishburne", "Halle Berry", "Keanu Reeves" ],
      "genres" : [ "Action", "Thriller", "Crime" ],
      "countriesBanned" : [ "Russia" ],
      "numLikes" : 1,
      "rating" : 0.0,
      "numRatings" : 0,
      "year" : 2019
    } ],
    "watchedMovies" : [ {
      "name" : "Titanic",
      "duration" : 131,
      "actors" : [ "Laurence Fishburne", "Halle Berry", "Keanu Reeves" ],
      "genres" : [ "Action", "Thriller", "Crime" ],
      "countriesBanned" : [ "Russia" ],
      "numLikes" : 1,
      "rating" : 0.0,
      "numRatings" : 0,
      "year" : 2019
    } ],
    "likedMovies" : [ ],
    "ratedMovies" : [ ]
  }
}, {
  "error" : "Error",
  "currentMoviesList" : [ ],
  "currentUser" : null
}, {
  "error" : "Error",
  "currentMoviesList" : [ ],
  "currentUser" : null
}, {
  "error" : "Error",
  "currentMoviesList" : [ ],
  "currentUser" : null
}, {
  "error" : "Error",
  "currentMoviesList" : [ ],
  "currentUser" : null
}, {
  "error" : "Error",
  "currentMoviesList" : [ ],
  "currentUser" : null
} ]